<?xml version="1.0" encoding="UTF-8"?>
<!-- Generated by org.testng.reporters.JUnitXMLReporter -->
<testsuite hostname="RC-PC" ignored="0" name="Test1" tests="10" failures="0" timestamp="01 Jan 2009 07:49:36 GMT" time="0.095" errors="0">
  <testcase name="test1" time="0.002" classname="org.cgi.TestCase8"/>
  <testcase name="test1" time="0.002" classname="org.cgi.TestCase8"/>
  <testcase name="test1" time="0.02" classname="org.cgi.TestCase8"/>
  <testcase name="test1" time="0.03" classname="org.cgi.TestCase8"/>
  <testcase name="test1" time="0.044" classname="org.cgi.TestCase8"/>
  <testcase name="test1" time="0.054" classname="org.cgi.TestCase8"/>
  <testcase name="test1" time="0.045" classname="org.cgi.TestCase8"/>
  <testcase name="test1" time="0.05" classname="org.cgi.TestCase8"/>
  <testcase name="test1" time="0.052" classname="org.cgi.TestCase8"/>
  <testcase name="test1" time="0.084" classname="org.cgi.TestCase8"/>
</testsuite> <!-- Test1 -->
