<?xml version="1.0" encoding="UTF-8"?>
<!-- Generated by org.testng.reporters.JUnitXMLReporter -->
<testsuite hostname="RC-PC" ignored="1" name="Default test(failed)" tests="1" failures="1" timestamp="01 May 2018 17:08:41 GMT" time="0.144" errors="0">
  <testcase name="test2" time="0.033" classname="org.cgi.TestCase10">
    <failure type="java.lang.AssertionError" message="expected [true] but found [false]">
      <![CDATA[java.lang.AssertionError: expected [true] but found [false]
at org.cgi.TestCase10.test2(TestCase10.java:16)
... Removed 29 stack frames]]>
    </failure>
  </testcase> <!-- test2 -->
  <testcase name="test1" time="0.0" classname="org.cgi.TestCase10">
    <ignored/>
  </testcase> <!-- test1 -->
</testsuite> <!-- Default test(failed) -->
